<mule xmlns="http://www.mulesoft.org/schema/mule/core"
      xmlns:xsi="http://www.w3.org/2001/XMLSchema-instance"
      xmlns:mule-commons-module="http://www.mulesoft.org/schema/mule/mule-commons-module"
      xsi:schemaLocation="http://www.mulesoft.org/schema/mule/core http://www.mulesoft.org/schema/mule/core/current/mule.xsd
          http://www.mulesoft.org/schema/mule/mule-commons-module http://www.mulesoft.org/schema/mule/mule-commons-module/current/mule-mule-commons-module.xsd">



</mule>
